<?xml version="1.0" encoding="UTF-8"?>
<!-- Generated by org.testng.reporters.JUnitXMLReporter -->
<testsuite hostname="DEEP" ignored="0" name="Default test" tests="4" failures="0" timestamp="2020-03-18T03:38:18 IST" time="25.705" errors="0">
  <testcase name="@BeforeTest initialize" time="16.896" classname="Academy.validateNavigationBar">
    <failure type="org.openqa.selenium.SessionNotCreatedException" message="session not created
from chrome not reachable
  (Session info: chrome=80.0.3987.132)
Build info: version: &amp;apos;3.141.59&amp;apos;, revision: &amp;apos;e82be7d358&amp;apos;, time: &amp;apos;2018-11-14T08:17:03&amp;apos;
System info: host: &amp;apos;DEEP&amp;apos;, ip: &amp;apos;192.168.1.104&amp;apos;, os.name: &amp;apos;Windows 10&amp;apos;, os.arch: &amp;apos;amd64&amp;apos;, os.version: &amp;apos;10.0&amp;apos;, java.version: &amp;apos;1.8.0_241&amp;apos;
Driver info: driver.version: ChromeDriver
remote stacktrace: Backtrace:
	Ordinal0 [0x00E6A113+1548563]
	Ordinal0 [0x00DEDDA1+1039777]
	Ordinal0 [0x00D6E32E+516910]
	Ordinal0 [0x00D68012+491538]
	Ordinal0 [0x00D686EB+493291]
	Ordinal0 [0x00D69855+497749]
	Ordinal0 [0x00D65885+481413]
	Ordinal0 [0x00D6F0D0+520400]
	Ordinal0 [0x00D1C030+180272]
	Ordinal0 [0x00D1B59D+177565]
	Ordinal0 [0x00D195FB+169467]
	Ordinal0 [0x00D0160A+71178]
	Ordinal0 [0x00D02690+75408]
	Ordinal0 [0x00D02629+75305]
	Ordinal0 [0x00E071B7+1143223]
	GetHandleVerifier [0x00F02B46+507814]
	GetHandleVerifier [0x00F02864+507076]
	GetHandleVerifier [0x00F09F47+537511]
	GetHandleVerifier [0x00F03402+510050]
	Ordinal0 [0x00DFF29C+1110684]
	Ordinal0 [0x00E0938B+1151883]
	Ordinal0 [0x00E094F3+1152243]
	Ordinal0 [0x00E083F5+1147893]
	BaseThreadInitThunk [0x779A6359+25]
	RtlGetAppContainerNamedObjectPath [0x77B17B74+228]
	RtlGetAppContainerNamedObjectPath [0x77B17B44+180]
">
      <![CDATA[org.openqa.selenium.SessionNotCreatedException: session not created
from chrome not reachable
  (Session info: chrome=80.0.3987.132)
Build info: version: '3.141.59', revision: 'e82be7d358', time: '2018-11-14T08:17:03'
System info: host: 'DEEP', ip: '192.168.1.104', os.name: 'Windows 10', os.arch: 'amd64', os.version: '10.0', java.version: '1.8.0_241'
Driver info: driver.version: ChromeDriver
remote stacktrace: Backtrace:
Ordinal0 [0x00E6A113+1548563]
Ordinal0 [0x00DEDDA1+1039777]
Ordinal0 [0x00D6E32E+516910]
Ordinal0 [0x00D68012+491538]
Ordinal0 [0x00D686EB+493291]
Ordinal0 [0x00D69855+497749]
Ordinal0 [0x00D65885+481413]
Ordinal0 [0x00D6F0D0+520400]
Ordinal0 [0x00D1C030+180272]
Ordinal0 [0x00D1B59D+177565]
Ordinal0 [0x00D195FB+169467]
Ordinal0 [0x00D0160A+71178]
Ordinal0 [0x00D02690+75408]
Ordinal0 [0x00D02629+75305]
Ordinal0 [0x00E071B7+1143223]
GetHandleVerifier [0x00F02B46+507814]
GetHandleVerifier [0x00F02864+507076]
GetHandleVerifier [0x00F09F47+537511]
GetHandleVerifier [0x00F03402+510050]
Ordinal0 [0x00DFF29C+1110684]
Ordinal0 [0x00E0938B+1151883]
Ordinal0 [0x00E094F3+1152243]
Ordinal0 [0x00E083F5+1147893]
BaseThreadInitThunk [0x779A6359+25]
RtlGetAppContainerNamedObjectPath [0x77B17B74+228]
RtlGetAppContainerNamedObjectPath [0x77B17B44+180]

at sun.reflect.NativeConstructorAccessorImpl.newInstance0(Native Method)
at sun.reflect.NativeConstructorAccessorImpl.newInstance(Unknown Source)
at sun.reflect.DelegatingConstructorAccessorImpl.newInstance(Unknown Source)
at java.lang.reflect.Constructor.newInstance(Unknown Source)
at org.openqa.selenium.remote.W3CHandshakeResponse.lambda$errorHandler$0(W3CHandshakeResponse.java:62)
at org.openqa.selenium.remote.HandshakeResponse.lambda$getResponseFunction$0(HandshakeResponse.java:30)
at org.openqa.selenium.remote.ProtocolHandshake.lambda$createSession$0(ProtocolHandshake.java:126)
at java.util.stream.ReferencePipeline$3$1.accept(Unknown Source)
at java.util.Spliterators$ArraySpliterator.tryAdvance(Unknown Source)
at java.util.stream.ReferencePipeline.forEachWithCancel(Unknown Source)
at java.util.stream.AbstractPipeline.copyIntoWithCancel(Unknown Source)
at java.util.stream.AbstractPipeline.copyInto(Unknown Source)
at java.util.stream.AbstractPipeline.wrapAndCopyInto(Unknown Source)
at java.util.stream.FindOps$FindOp.evaluateSequential(Unknown Source)
at java.util.stream.AbstractPipeline.evaluate(Unknown Source)
at java.util.stream.ReferencePipeline.findFirst(Unknown Source)
at org.openqa.selenium.remote.ProtocolHandshake.createSession(ProtocolHandshake.java:128)
at org.openqa.selenium.remote.ProtocolHandshake.createSession(ProtocolHandshake.java:74)
at org.openqa.selenium.remote.HttpCommandExecutor.execute(HttpCommandExecutor.java:136)
at org.openqa.selenium.remote.service.DriverCommandExecutor.execute(DriverCommandExecutor.java:83)
at org.openqa.selenium.remote.RemoteWebDriver.execute(RemoteWebDriver.java:552)
at org.openqa.selenium.remote.RemoteWebDriver.startSession(RemoteWebDriver.java:213)
at org.openqa.selenium.remote.RemoteWebDriver.<init>(RemoteWebDriver.java:131)
at org.openqa.selenium.chrome.ChromeDriver.<init>(ChromeDriver.java:181)
at org.openqa.selenium.chrome.ChromeDriver.<init>(ChromeDriver.java:168)
at org.openqa.selenium.chrome.ChromeDriver.<init>(ChromeDriver.java:123)
at resources.base.initializeDriver(base.java:25)
at Academy.validateNavigationBar.initialize(validateNavigationBar.java:19)
at sun.reflect.NativeMethodAccessorImpl.invoke0(Native Method)
at sun.reflect.NativeMethodAccessorImpl.invoke(Unknown Source)
at sun.reflect.DelegatingMethodAccessorImpl.invoke(Unknown Source)
at java.lang.reflect.Method.invoke(Unknown Source)
at org.testng.internal.MethodInvocationHelper.invokeMethod(MethodInvocationHelper.java:133)
at org.testng.internal.MethodInvocationHelper.invokeMethodConsideringTimeout(MethodInvocationHelper.java:62)
at org.testng.internal.ConfigInvoker.invokeConfigurationMethod(ConfigInvoker.java:340)
at org.testng.internal.ConfigInvoker.invokeConfigurations(ConfigInvoker.java:294)
at org.testng.TestRunner.invokeTestConfigurations(TestRunner.java:623)
at org.testng.TestRunner.beforeRun(TestRunner.java:613)
at org.testng.TestRunner.run(TestRunner.java:584)
at org.testng.SuiteRunner.runTest(SuiteRunner.java:402)
at org.testng.SuiteRunner.runSequentially(SuiteRunner.java:396)
at org.testng.SuiteRunner.privateRun(SuiteRunner.java:355)
at org.testng.SuiteRunner.run(SuiteRunner.java:304)
at org.testng.SuiteRunnerWorker.runSuite(SuiteRunnerWorker.java:53)
at org.testng.SuiteRunnerWorker.run(SuiteRunnerWorker.java:96)
at org.testng.TestNG.runSuitesSequentially(TestNG.java:1180)
at org.testng.TestNG.runSuitesLocally(TestNG.java:1102)
at org.testng.TestNG.runSuites(TestNG.java:1032)
at org.testng.TestNG.run(TestNG.java:1000)
at org.testng.remote.AbstractRemoteTestNG.run(AbstractRemoteTestNG.java:115)
at org.testng.remote.RemoteTestNG.initAndRun(RemoteTestNG.java:251)
at org.testng.remote.RemoteTestNG.main(RemoteTestNG.java:77)
]]>
    </failure>
  </testcase> <!-- @BeforeTest initialize -->
  <testcase name="@BeforeTest initialize" time="-1.584482898065E9" classname="Academy.validateTitle">
    <skipped/>
  </testcase> <!-- @BeforeTest initialize -->
  <testcase name="@AfterTest teardown" time="-1.584482898194E9" classname="Academy.HomePage">
    <skipped/>
  </testcase> <!-- @AfterTest teardown -->
  <testcase name="@AfterTest teardown" time="-1.584482898196E9" classname="Academy.validateNavigationBar">
    <skipped/>
  </testcase> <!-- @AfterTest teardown -->
  <testcase name="@AfterTest teardown" time="-1.584482898198E9" classname="Academy.validateTitle">
    <skipped/>
  </testcase> <!-- @AfterTest teardown -->
  <testcase name="basePageNavigation" time="0.0" classname="Academy.HomePage">
    <skipped/>
  </testcase> <!-- basePageNavigation -->
  <testcase name="basePageNavigation" time="0.0" classname="Academy.HomePage">
    <skipped/>
  </testcase> <!-- basePageNavigation -->
  <testcase name="basePageNavigation" time="0.0" classname="Academy.validateNavigationBar">
    <skipped/>
  </testcase> <!-- basePageNavigation -->
  <testcase name="basePageNavigation" time="0.0" classname="Academy.validateTitle">
    <skipped/>
  </testcase> <!-- basePageNavigation -->
</testsuite> <!-- Default test -->
