<?xml version="1.0" encoding="UTF-8"?>
<!-- Generated by org.testng.reporters.JUnitXMLReporter -->
<testsuite hostname="DEEP" ignored="0" name="validating title in the page" tests="1" failures="1" timestamp="2020-03-19T00:33:40 IST" time="10.261" errors="0">
  <testcase name="validateAppTitle" time="0.062" classname="Academy.validateTitle">
    <failure type="java.lang.AssertionError" message="expected [FEATURED COURSES1234] but found [FEATURED COURSES]">
      <![CDATA[java.lang.AssertionError: expected [FEATURED COURSES1234] but found [FEATURED COURSES]
at Academy.validateTitle.validateAppTitle(validateTitle.java:31)
at java.util.ArrayList.forEach(Unknown Source)
... Removed 32 stack frames]]>
    </failure>
  </testcase> <!-- validateAppTitle -->
</testsuite> <!-- validating title in the page -->
